Traceback (most recent call last):
  File "/n/data1/hms/wyss/collins/lab/software/miniconda3/envs/foundry/lib/python3.12/site-packages/hydra/_internal/config_loader_impl.py", line 390, in _apply_overrides_to_config
    OmegaConf.update(cfg, key, value, merge=True)
  File "/n/data1/hms/wyss/collins/lab/software/miniconda3/envs/foundry/lib/python3.12/site-packages/omegaconf/omegaconf.py", line 741, in update
    root.__setattr__(last_key, value)
  File "/n/data1/hms/wyss/collins/lab/software/miniconda3/envs/foundry/lib/python3.12/site-packages/omegaconf/dictconfig.py", line 337, in __setattr__
    raise e
  File "/n/data1/hms/wyss/collins/lab/software/miniconda3/envs/foundry/lib/python3.12/site-packages/omegaconf/dictconfig.py", line 334, in __setattr__
    self.__set_impl(key, value)
  File "/n/data1/hms/wyss/collins/lab/software/miniconda3/envs/foundry/lib/python3.12/site-packages/omegaconf/dictconfig.py", line 318, in __set_impl
    self._set_item_impl(key, value)
  File "/n/data1/hms/wyss/collins/lab/software/miniconda3/envs/foundry/lib/python3.12/site-packages/omegaconf/basecontainer.py", line 549, in _set_item_impl
    self._validate_set(key, value)
  File "/n/data1/hms/wyss/collins/lab/software/miniconda3/envs/foundry/lib/python3.12/site-packages/omegaconf/dictconfig.py", line 180, in _validate_set
    target = self._get_node(key) if key is not None else self
             ^^^^^^^^^^^^^^^^^^^
  File "/n/data1/hms/wyss/collins/lab/software/miniconda3/envs/foundry/lib/python3.12/site-packages/omegaconf/dictconfig.py", line 475, in _get_node
    self._validate_get(key)
  File "/n/data1/hms/wyss/collins/lab/software/miniconda3/envs/foundry/lib/python3.12/site-packages/omegaconf/dictconfig.py", line 164, in _validate_get
    self._format_and_raise(
  File "/n/data1/hms/wyss/collins/lab/software/miniconda3/envs/foundry/lib/python3.12/site-packages/omegaconf/base.py", line 231, in _format_and_raise
    format_and_raise(
  File "/n/data1/hms/wyss/collins/lab/software/miniconda3/envs/foundry/lib/python3.12/site-packages/omegaconf/_utils.py", line 899, in format_and_raise
    _raise(ex, cause)
  File "/n/data1/hms/wyss/collins/lab/software/miniconda3/envs/foundry/lib/python3.12/site-packages/omegaconf/_utils.py", line 797, in _raise
    raise ex.with_traceback(sys.exc_info()[2])  # set env var OC_CAUSE=1 for full trace
    ^^^^^^^^^^^^^^^^^^^^^^^^^^^^^^^^^^^^^^^^^^
omegaconf.errors.ConfigAttributeError: Key 'outputs' is not in struct
    full_key: outputs
    object_type=dict

The above exception was the direct cause of the following exception:

Traceback (most recent call last):
  File "/n/data1/hms/wyss/collins/lab/software/miniconda3/envs/foundry/bin/rf3", line 7, in <module>
    sys.exit(app())
             ^^^^^
  File "/n/data1/hms/wyss/collins/lab/software/miniconda3/envs/foundry/lib/python3.12/site-packages/typer/main.py", line 336, in __call__
    raise e
  File "/n/data1/hms/wyss/collins/lab/software/miniconda3/envs/foundry/lib/python3.12/site-packages/typer/main.py", line 319, in __call__
    return get_command(self)(*args, **kwargs)
           ^^^^^^^^^^^^^^^^^^^^^^^^^^^^^^^^^^
  File "/n/data1/hms/wyss/collins/lab/software/miniconda3/envs/foundry/lib/python3.12/site-packages/click/core.py", line 1485, in __call__
    return self.main(*args, **kwargs)
           ^^^^^^^^^^^^^^^^^^^^^^^^^^
  File "/n/data1/hms/wyss/collins/lab/software/miniconda3/envs/foundry/lib/python3.12/site-packages/typer/core.py", line 814, in main
    return _main(
           ^^^^^^
  File "/n/data1/hms/wyss/collins/lab/software/miniconda3/envs/foundry/lib/python3.12/site-packages/typer/core.py", line 190, in _main
    rv = self.invoke(ctx)
         ^^^^^^^^^^^^^^^^
  File "/n/data1/hms/wyss/collins/lab/software/miniconda3/envs/foundry/lib/python3.12/site-packages/click/core.py", line 1873, in invoke
    return _process_result(sub_ctx.command.invoke(sub_ctx))
                           ^^^^^^^^^^^^^^^^^^^^^^^^^^^^^^^
  File "/n/data1/hms/wyss/collins/lab/software/miniconda3/envs/foundry/lib/python3.12/site-packages/click/core.py", line 1269, in invoke
    return ctx.invoke(self.callback, **ctx.params)
           ^^^^^^^^^^^^^^^^^^^^^^^^^^^^^^^^^^^^^^^
  File "/n/data1/hms/wyss/collins/lab/software/miniconda3/envs/foundry/lib/python3.12/site-packages/click/core.py", line 824, in invoke
    return callback(*args, **kwargs)
           ^^^^^^^^^^^^^^^^^^^^^^^^^
  File "/n/data1/hms/wyss/collins/lab/software/miniconda3/envs/foundry/lib/python3.12/site-packages/typer/main.py", line 706, in wrapper
    return callback(**use_params)
           ^^^^^^^^^^^^^^^^^^^^^^
  File "/n/data1/hms/wyss/collins/lab/software/1_backbone_design/foundry/modelforge/models/rf3/src/rf3/cli.py", line 65, in fold
    cfg = compose(config_name="inference", overrides=hydra_overrides)
          ^^^^^^^^^^^^^^^^^^^^^^^^^^^^^^^^^^^^^^^^^^^^^^^^^^^^^^^^^^^
  File "/n/data1/hms/wyss/collins/lab/software/miniconda3/envs/foundry/lib/python3.12/site-packages/hydra/compose.py", line 38, in compose
    cfg = gh.hydra.compose_config(
          ^^^^^^^^^^^^^^^^^^^^^^^^
  File "/n/data1/hms/wyss/collins/lab/software/miniconda3/envs/foundry/lib/python3.12/site-packages/hydra/_internal/hydra.py", line 594, in compose_config
    cfg = self.config_loader.load_configuration(
          ^^^^^^^^^^^^^^^^^^^^^^^^^^^^^^^^^^^^^^
  File "/n/data1/hms/wyss/collins/lab/software/miniconda3/envs/foundry/lib/python3.12/site-packages/hydra/_internal/config_loader_impl.py", line 142, in load_configuration
    return self._load_configuration_impl(
           ^^^^^^^^^^^^^^^^^^^^^^^^^^^^^^
  File "/n/data1/hms/wyss/collins/lab/software/miniconda3/envs/foundry/lib/python3.12/site-packages/hydra/_internal/config_loader_impl.py", line 276, in _load_configuration_impl
    ConfigLoaderImpl._apply_overrides_to_config(config_overrides, cfg)
  File "/n/data1/hms/wyss/collins/lab/software/miniconda3/envs/foundry/lib/python3.12/site-packages/hydra/_internal/config_loader_impl.py", line 392, in _apply_overrides_to_config
    raise ConfigCompositionException(
hydra.errors.ConfigCompositionException: Could not override 'outputs'.
To append to your config use +outputs=./output
